2024-10-23 16:21:19.547 [info] Extension host with pid 2049 started
2024-10-23 16:21:19.548 [error] Error: EEXIST: file already exists, open '/home/ubuntu/.vscode-server/data/User/workspaceStorage/64b75115ed01016f1c21d4aa84949e1e/vscode.lock'
2024-10-23 16:21:19.593 [info] Lock '/home/ubuntu/.vscode-server/data/User/workspaceStorage/64b75115ed01016f1c21d4aa84949e1e/vscode.lock': Could not acquire lock, checking if the file is stale.
2024-10-23 16:21:19.615 [info] Lock '/home/ubuntu/.vscode-server/data/User/workspaceStorage/64b75115ed01016f1c21d4aa84949e1e/vscode.lock': The lock does not look stale, elapsed: 620 ms, giving up.
2024-10-23 16:21:19.618 [error] Error: EEXIST: file already exists, open '/home/ubuntu/.vscode-server/data/User/workspaceStorage/64b75115ed01016f1c21d4aa84949e1e-1/vscode.lock'
2024-10-23 16:21:19.620 [info] Lock '/home/ubuntu/.vscode-server/data/User/workspaceStorage/64b75115ed01016f1c21d4aa84949e1e-1/vscode.lock': Could not acquire lock, checking if the file is stale.
2024-10-23 16:21:19.621 [info] Lock '/home/ubuntu/.vscode-server/data/User/workspaceStorage/64b75115ed01016f1c21d4aa84949e1e-1/vscode.lock': The pid 8032 appears to be gone.
2024-10-23 16:21:19.621 [info] Lock '/home/ubuntu/.vscode-server/data/User/workspaceStorage/64b75115ed01016f1c21d4aa84949e1e-1/vscode.lock': Deleting a stale lock.
2024-10-23 16:21:19.630 [info] Lock '/home/ubuntu/.vscode-server/data/User/workspaceStorage/64b75115ed01016f1c21d4aa84949e1e-1/vscode.lock': Lock acquired.
2024-10-23 16:21:20.453 [info] ExtensionService#_doActivateExtension vscode.emmet, startup: false, activationEvent: 'onLanguage'
2024-10-23 16:21:20.455 [info] ExtensionService#_doActivateExtension hashicorp.terraform, startup: false, activationEvent: 'onLanguage:terraform'
2024-10-23 16:21:20.459 [info] ExtensionService#_doActivateExtension vscode.git-base, startup: false, activationEvent: '*', root cause: vscode.git
2024-10-23 16:21:21.909 [info] ExtensionService#_doActivateExtension vscode.git, startup: false, activationEvent: '*'
2024-10-23 16:21:21.910 [info] ExtensionService#_doActivateExtension vscode.github, startup: false, activationEvent: '*'
2024-10-23 16:21:23.489 [info] Eager extensions activated
2024-10-23 16:21:23.490 [info] ExtensionService#_doActivateExtension vscode.debug-auto-launch, startup: false, activationEvent: 'onStartupFinished'
2024-10-23 16:21:23.490 [info] ExtensionService#_doActivateExtension vscode.merge-conflict, startup: false, activationEvent: 'onStartupFinished'
2024-10-23 16:50:48.666 [info] Extension host terminating: renderer disconnected for too long (2)
2024-10-23 16:50:48.667 [info] Lock '/home/ubuntu/.vscode-server/data/User/workspaceStorage/64b75115ed01016f1c21d4aa84949e1e-1/vscode.lock': Marking the lockfile as scheduled to be released in 6000 ms.
2024-10-23 16:50:48.808 [info] Extension host with pid 2049 exiting with code 0
