2024-10-22 20:11:06.235 [info] Extension host with pid 2723 started
2024-10-22 20:11:06.346 [info] Eager extensions activated
2024-10-22 20:11:06.377 [info] Lock '/home/ubuntu/.vscode-server/data/User/workspaceStorage/64b75115ed01016f1c21d4aa84949e1e/vscode.lock': Lock acquired.
2024-10-22 20:11:07.452 [info] ExtensionService#_doActivateExtension vscode.debug-auto-launch, startup: false, activationEvent: 'onStartupFinished'
2024-10-22 20:11:07.454 [info] ExtensionService#_doActivateExtension vscode.git-base, startup: false, activationEvent: '*', root cause: vscode.git
2024-10-22 20:11:07.454 [info] ExtensionService#_doActivateExtension vscode.merge-conflict, startup: false, activationEvent: 'onStartupFinished'
2024-10-22 20:11:07.638 [info] ExtensionService#_doActivateExtension vscode.git, startup: false, activationEvent: '*'
2024-10-22 20:11:07.638 [info] ExtensionService#_doActivateExtension vscode.github, startup: false, activationEvent: '*'
2024-10-22 20:11:08.643 [info] ExtensionService#_doActivateExtension vscode.configuration-editing, startup: false, activationEvent: 'onLanguage:jsonc'
2024-10-22 20:11:08.644 [info] ExtensionService#_doActivateExtension vscode.json-language-features, startup: false, activationEvent: 'onLanguage:jsonc'
2024-10-22 20:11:08.644 [info] ExtensionService#_doActivateExtension vscode.typescript-language-features, startup: false, activationEvent: 'onLanguage:jsonc'
2024-10-22 20:11:08.644 [info] ExtensionService#_doActivateExtension vscode.emmet, startup: false, activationEvent: 'onLanguage'
2024-10-22 20:22:48.933 [info] ExtensionService#_doActivateExtension hashicorp.terraform, startup: false, activationEvent: 'onLanguage:terraform'
2024-10-22 20:22:55.692 [error] [hashicorp.terraform] provider FAILED
2024-10-22 20:22:55.692 [error] Error: main.tf: position 1,1 is out of range main.tf:1,2-4,9
	at It (/home/ubuntu/.vscode-server/extensions/hashicorp.terraform-2.33.0-linux-x64/dist/extension.js:19:236)
	at We (/home/ubuntu/.vscode-server/extensions/hashicorp.terraform-2.33.0-linux-x64/dist/extension.js:18:6246)
	at mt (/home/ubuntu/.vscode-server/extensions/hashicorp.terraform-2.33.0-linux-x64/dist/extension.js:18:6372)
	at Immediate.<anonymous> (/home/ubuntu/.vscode-server/extensions/hashicorp.terraform-2.33.0-linux-x64/dist/extension.js:18:6133)
	at process.processImmediate (node:internal/timers:478:21)
2024-10-22 20:22:55.702 [error] [hashicorp.terraform] provider FAILED
2024-10-22 20:22:55.702 [error] Error: main.tf: position 1,1 is out of range main.tf:1,2-4,9
	at It (/home/ubuntu/.vscode-server/extensions/hashicorp.terraform-2.33.0-linux-x64/dist/extension.js:19:236)
	at We (/home/ubuntu/.vscode-server/extensions/hashicorp.terraform-2.33.0-linux-x64/dist/extension.js:18:6246)
	at mt (/home/ubuntu/.vscode-server/extensions/hashicorp.terraform-2.33.0-linux-x64/dist/extension.js:18:6372)
	at Immediate.<anonymous> (/home/ubuntu/.vscode-server/extensions/hashicorp.terraform-2.33.0-linux-x64/dist/extension.js:18:6133)
	at process.processImmediate (node:internal/timers:478:21)
2024-10-22 20:22:57.222 [error] [hashicorp.terraform] provider FAILED
2024-10-22 20:22:57.223 [error] Error: main.tf: position 1,1 is out of range main.tf:1,2-4,7
	at It (/home/ubuntu/.vscode-server/extensions/hashicorp.terraform-2.33.0-linux-x64/dist/extension.js:19:236)
	at We (/home/ubuntu/.vscode-server/extensions/hashicorp.terraform-2.33.0-linux-x64/dist/extension.js:18:6246)
	at mt (/home/ubuntu/.vscode-server/extensions/hashicorp.terraform-2.33.0-linux-x64/dist/extension.js:18:6372)
	at Immediate.<anonymous> (/home/ubuntu/.vscode-server/extensions/hashicorp.terraform-2.33.0-linux-x64/dist/extension.js:18:6133)
	at process.processImmediate (node:internal/timers:478:21)
2024-10-22 20:22:57.594 [error] [hashicorp.terraform] provider FAILED
2024-10-22 20:22:57.594 [error] Error: main.tf: position 1,1 is out of range main.tf:1,2-4,4
	at It (/home/ubuntu/.vscode-server/extensions/hashicorp.terraform-2.33.0-linux-x64/dist/extension.js:19:236)
	at We (/home/ubuntu/.vscode-server/extensions/hashicorp.terraform-2.33.0-linux-x64/dist/extension.js:18:6246)
	at mt (/home/ubuntu/.vscode-server/extensions/hashicorp.terraform-2.33.0-linux-x64/dist/extension.js:18:6372)
	at Immediate.<anonymous> (/home/ubuntu/.vscode-server/extensions/hashicorp.terraform-2.33.0-linux-x64/dist/extension.js:18:6133)
	at process.processImmediate (node:internal/timers:478:21)
2024-10-22 20:22:58.013 [error] [hashicorp.terraform] provider FAILED
2024-10-22 20:22:58.013 [error] Error: main.tf: position 1,1 is out of range main.tf:1,2-4,2
	at It (/home/ubuntu/.vscode-server/extensions/hashicorp.terraform-2.33.0-linux-x64/dist/extension.js:19:236)
	at We (/home/ubuntu/.vscode-server/extensions/hashicorp.terraform-2.33.0-linux-x64/dist/extension.js:18:6246)
	at mt (/home/ubuntu/.vscode-server/extensions/hashicorp.terraform-2.33.0-linux-x64/dist/extension.js:18:6372)
	at Immediate.<anonymous> (/home/ubuntu/.vscode-server/extensions/hashicorp.terraform-2.33.0-linux-x64/dist/extension.js:18:6133)
	at process.processImmediate (node:internal/timers:478:21)
2024-10-22 20:22:58.492 [error] [hashicorp.terraform] provider FAILED
2024-10-22 20:22:58.492 [error] Error: main.tf: position 1,1 is out of range main.tf:1,2-4,2
	at It (/home/ubuntu/.vscode-server/extensions/hashicorp.terraform-2.33.0-linux-x64/dist/extension.js:19:236)
	at We (/home/ubuntu/.vscode-server/extensions/hashicorp.terraform-2.33.0-linux-x64/dist/extension.js:18:6246)
	at mt (/home/ubuntu/.vscode-server/extensions/hashicorp.terraform-2.33.0-linux-x64/dist/extension.js:18:6372)
	at Immediate.<anonymous> (/home/ubuntu/.vscode-server/extensions/hashicorp.terraform-2.33.0-linux-x64/dist/extension.js:18:6133)
	at process.processImmediate (node:internal/timers:478:21)
2024-10-22 20:22:58.818 [error] [hashicorp.terraform] provider FAILED
2024-10-22 20:22:58.818 [error] Error: main.tf: position 1,1 is out of range main.tf:1,2-4,3
	at It (/home/ubuntu/.vscode-server/extensions/hashicorp.terraform-2.33.0-linux-x64/dist/extension.js:19:236)
	at We (/home/ubuntu/.vscode-server/extensions/hashicorp.terraform-2.33.0-linux-x64/dist/extension.js:18:6246)
	at mt (/home/ubuntu/.vscode-server/extensions/hashicorp.terraform-2.33.0-linux-x64/dist/extension.js:18:6372)
	at Immediate.<anonymous> (/home/ubuntu/.vscode-server/extensions/hashicorp.terraform-2.33.0-linux-x64/dist/extension.js:18:6133)
	at process.processImmediate (node:internal/timers:478:21)
2024-10-22 20:22:59.191 [error] [hashicorp.terraform] provider FAILED
2024-10-22 20:22:59.191 [error] Error: main.tf: position 1,1 is out of range main.tf:1,2-4,4
	at It (/home/ubuntu/.vscode-server/extensions/hashicorp.terraform-2.33.0-linux-x64/dist/extension.js:19:236)
	at We (/home/ubuntu/.vscode-server/extensions/hashicorp.terraform-2.33.0-linux-x64/dist/extension.js:18:6246)
	at mt (/home/ubuntu/.vscode-server/extensions/hashicorp.terraform-2.33.0-linux-x64/dist/extension.js:18:6372)
	at Immediate.<anonymous> (/home/ubuntu/.vscode-server/extensions/hashicorp.terraform-2.33.0-linux-x64/dist/extension.js:18:6133)
	at process.processImmediate (node:internal/timers:478:21)
2024-10-22 20:22:59.895 [error] [hashicorp.terraform] provider FAILED
2024-10-22 20:22:59.895 [error] Error: main.tf: position 1,1 is out of range main.tf:1,2-4,4
	at It (/home/ubuntu/.vscode-server/extensions/hashicorp.terraform-2.33.0-linux-x64/dist/extension.js:19:236)
	at We (/home/ubuntu/.vscode-server/extensions/hashicorp.terraform-2.33.0-linux-x64/dist/extension.js:18:6246)
	at mt (/home/ubuntu/.vscode-server/extensions/hashicorp.terraform-2.33.0-linux-x64/dist/extension.js:18:6372)
	at Immediate.<anonymous> (/home/ubuntu/.vscode-server/extensions/hashicorp.terraform-2.33.0-linux-x64/dist/extension.js:18:6133)
	at process.processImmediate (node:internal/timers:478:21)
2024-10-22 20:23:00.770 [error] [hashicorp.terraform] provider FAILED
2024-10-22 20:23:00.770 [error] Error: main.tf: position 1,1 is out of range main.tf:1,2-6,2
	at It (/home/ubuntu/.vscode-server/extensions/hashicorp.terraform-2.33.0-linux-x64/dist/extension.js:19:236)
	at We (/home/ubuntu/.vscode-server/extensions/hashicorp.terraform-2.33.0-linux-x64/dist/extension.js:18:6246)
	at mt (/home/ubuntu/.vscode-server/extensions/hashicorp.terraform-2.33.0-linux-x64/dist/extension.js:18:6372)
	at Immediate.<anonymous> (/home/ubuntu/.vscode-server/extensions/hashicorp.terraform-2.33.0-linux-x64/dist/extension.js:18:6133)
	at process.processImmediate (node:internal/timers:478:21)
2024-10-22 20:23:01.498 [error] [hashicorp.terraform] provider FAILED
2024-10-22 20:23:01.498 [error] Error: main.tf: position 1,1 is out of range main.tf:1,2-6,2
	at It (/home/ubuntu/.vscode-server/extensions/hashicorp.terraform-2.33.0-linux-x64/dist/extension.js:19:236)
	at We (/home/ubuntu/.vscode-server/extensions/hashicorp.terraform-2.33.0-linux-x64/dist/extension.js:18:6246)
	at mt (/home/ubuntu/.vscode-server/extensions/hashicorp.terraform-2.33.0-linux-x64/dist/extension.js:18:6372)
	at Immediate.<anonymous> (/home/ubuntu/.vscode-server/extensions/hashicorp.terraform-2.33.0-linux-x64/dist/extension.js:18:6133)
	at process.processImmediate (node:internal/timers:478:21)
2024-10-22 20:23:08.326 [error] [hashicorp.terraform] provider FAILED
2024-10-22 20:23:08.327 [error] Error: main.tf: position 1,1 is out of range main.tf:1,2-6,2
	at It (/home/ubuntu/.vscode-server/extensions/hashicorp.terraform-2.33.0-linux-x64/dist/extension.js:19:236)
	at We (/home/ubuntu/.vscode-server/extensions/hashicorp.terraform-2.33.0-linux-x64/dist/extension.js:18:6246)
	at mt (/home/ubuntu/.vscode-server/extensions/hashicorp.terraform-2.33.0-linux-x64/dist/extension.js:18:6372)
	at Immediate.<anonymous> (/home/ubuntu/.vscode-server/extensions/hashicorp.terraform-2.33.0-linux-x64/dist/extension.js:18:6133)
	at process.processImmediate (node:internal/timers:478:21)
2024-10-22 20:23:08.413 [error] [hashicorp.terraform] provider FAILED
2024-10-22 20:23:08.413 [error] Error: main.tf: position 1,1 is out of range main.tf:1,2-6,2
	at It (/home/ubuntu/.vscode-server/extensions/hashicorp.terraform-2.33.0-linux-x64/dist/extension.js:19:236)
	at We (/home/ubuntu/.vscode-server/extensions/hashicorp.terraform-2.33.0-linux-x64/dist/extension.js:18:6246)
	at mt (/home/ubuntu/.vscode-server/extensions/hashicorp.terraform-2.33.0-linux-x64/dist/extension.js:18:6372)
	at Immediate.<anonymous> (/home/ubuntu/.vscode-server/extensions/hashicorp.terraform-2.33.0-linux-x64/dist/extension.js:18:6133)
	at process.processImmediate (node:internal/timers:478:21)
2024-10-22 20:23:11.424 [error] [hashicorp.terraform] provider FAILED
2024-10-22 20:23:11.424 [error] Error: main.tf: position 1,1 is out of range main.tf:1,2-6,2
	at It (/home/ubuntu/.vscode-server/extensions/hashicorp.terraform-2.33.0-linux-x64/dist/extension.js:19:236)
	at We (/home/ubuntu/.vscode-server/extensions/hashicorp.terraform-2.33.0-linux-x64/dist/extension.js:18:6246)
	at mt (/home/ubuntu/.vscode-server/extensions/hashicorp.terraform-2.33.0-linux-x64/dist/extension.js:18:6372)
	at Immediate.<anonymous> (/home/ubuntu/.vscode-server/extensions/hashicorp.terraform-2.33.0-linux-x64/dist/extension.js:18:6133)
	at process.processImmediate (node:internal/timers:478:21)
2024-10-22 20:23:12.660 [error] [hashicorp.terraform] provider FAILED
2024-10-22 20:23:12.660 [error] Error: main.tf: position 1,1 is out of range main.tf:1,2-6,2
	at It (/home/ubuntu/.vscode-server/extensions/hashicorp.terraform-2.33.0-linux-x64/dist/extension.js:19:236)
	at We (/home/ubuntu/.vscode-server/extensions/hashicorp.terraform-2.33.0-linux-x64/dist/extension.js:18:6246)
	at mt (/home/ubuntu/.vscode-server/extensions/hashicorp.terraform-2.33.0-linux-x64/dist/extension.js:18:6372)
	at Immediate.<anonymous> (/home/ubuntu/.vscode-server/extensions/hashicorp.terraform-2.33.0-linux-x64/dist/extension.js:18:6133)
	at process.processImmediate (node:internal/timers:478:21)
2024-10-22 20:23:12.674 [error] [hashicorp.terraform] provider FAILED
2024-10-22 20:23:12.674 [error] Error: main.tf: position 1,1 is out of range main.tf:1,2-6,2
	at It (/home/ubuntu/.vscode-server/extensions/hashicorp.terraform-2.33.0-linux-x64/dist/extension.js:19:236)
	at We (/home/ubuntu/.vscode-server/extensions/hashicorp.terraform-2.33.0-linux-x64/dist/extension.js:18:6246)
	at mt (/home/ubuntu/.vscode-server/extensions/hashicorp.terraform-2.33.0-linux-x64/dist/extension.js:18:6372)
	at Immediate.<anonymous> (/home/ubuntu/.vscode-server/extensions/hashicorp.terraform-2.33.0-linux-x64/dist/extension.js:18:6133)
	at process.processImmediate (node:internal/timers:478:21)
2024-10-22 20:23:13.328 [error] [hashicorp.terraform] provider FAILED
2024-10-22 20:23:13.328 [error] Error: main.tf: position 1,1 is out of range main.tf:1,2-6,2
	at It (/home/ubuntu/.vscode-server/extensions/hashicorp.terraform-2.33.0-linux-x64/dist/extension.js:19:236)
	at We (/home/ubuntu/.vscode-server/extensions/hashicorp.terraform-2.33.0-linux-x64/dist/extension.js:18:6246)
	at mt (/home/ubuntu/.vscode-server/extensions/hashicorp.terraform-2.33.0-linux-x64/dist/extension.js:18:6372)
	at Immediate.<anonymous> (/home/ubuntu/.vscode-server/extensions/hashicorp.terraform-2.33.0-linux-x64/dist/extension.js:18:6133)
	at process.processImmediate (node:internal/timers:478:21)
2024-10-22 20:23:13.647 [error] [hashicorp.terraform] provider FAILED
2024-10-22 20:23:13.648 [error] Error: main.tf: position 1,1 is out of range main.tf:1,2-6,2
	at It (/home/ubuntu/.vscode-server/extensions/hashicorp.terraform-2.33.0-linux-x64/dist/extension.js:19:236)
	at We (/home/ubuntu/.vscode-server/extensions/hashicorp.terraform-2.33.0-linux-x64/dist/extension.js:18:6246)
	at mt (/home/ubuntu/.vscode-server/extensions/hashicorp.terraform-2.33.0-linux-x64/dist/extension.js:18:6372)
	at Immediate.<anonymous> (/home/ubuntu/.vscode-server/extensions/hashicorp.terraform-2.33.0-linux-x64/dist/extension.js:18:6133)
	at process.processImmediate (node:internal/timers:478:21)
2024-10-22 20:23:14.239 [error] [hashicorp.terraform] provider FAILED
2024-10-22 20:23:14.240 [error] Error: main.tf: position 1,1 is out of range main.tf:1,2-6,2
	at It (/home/ubuntu/.vscode-server/extensions/hashicorp.terraform-2.33.0-linux-x64/dist/extension.js:19:236)
	at We (/home/ubuntu/.vscode-server/extensions/hashicorp.terraform-2.33.0-linux-x64/dist/extension.js:18:6246)
	at mt (/home/ubuntu/.vscode-server/extensions/hashicorp.terraform-2.33.0-linux-x64/dist/extension.js:18:6372)
	at Immediate.<anonymous> (/home/ubuntu/.vscode-server/extensions/hashicorp.terraform-2.33.0-linux-x64/dist/extension.js:18:6133)
	at process.processImmediate (node:internal/timers:478:21)
2024-10-22 20:23:14.939 [error] [hashicorp.terraform] provider FAILED
2024-10-22 20:23:14.939 [error] Error: main.tf: position 1,1 is out of range main.tf:1,2-6,2
	at It (/home/ubuntu/.vscode-server/extensions/hashicorp.terraform-2.33.0-linux-x64/dist/extension.js:19:236)
	at We (/home/ubuntu/.vscode-server/extensions/hashicorp.terraform-2.33.0-linux-x64/dist/extension.js:18:6246)
	at mt (/home/ubuntu/.vscode-server/extensions/hashicorp.terraform-2.33.0-linux-x64/dist/extension.js:18:6372)
	at Immediate.<anonymous> (/home/ubuntu/.vscode-server/extensions/hashicorp.terraform-2.33.0-linux-x64/dist/extension.js:18:6133)
	at process.processImmediate (node:internal/timers:478:21)
2024-10-22 20:23:24.664 [error] [hashicorp.terraform] provider FAILED
2024-10-22 20:23:24.664 [error] Error: main.tf: position 1,1 is out of range main.tf:1,2-6,2
	at It (/home/ubuntu/.vscode-server/extensions/hashicorp.terraform-2.33.0-linux-x64/dist/extension.js:19:236)
	at We (/home/ubuntu/.vscode-server/extensions/hashicorp.terraform-2.33.0-linux-x64/dist/extension.js:18:6246)
	at mt (/home/ubuntu/.vscode-server/extensions/hashicorp.terraform-2.33.0-linux-x64/dist/extension.js:18:6372)
	at Immediate.<anonymous> (/home/ubuntu/.vscode-server/extensions/hashicorp.terraform-2.33.0-linux-x64/dist/extension.js:18:6133)
	at process.processImmediate (node:internal/timers:478:21)
2024-10-22 20:23:25.563 [error] [hashicorp.terraform] provider FAILED
2024-10-22 20:23:25.563 [error] Error: main.tf: position 1,1 is out of range main.tf:1,2-6,2
	at It (/home/ubuntu/.vscode-server/extensions/hashicorp.terraform-2.33.0-linux-x64/dist/extension.js:19:236)
	at We (/home/ubuntu/.vscode-server/extensions/hashicorp.terraform-2.33.0-linux-x64/dist/extension.js:18:6246)
	at mt (/home/ubuntu/.vscode-server/extensions/hashicorp.terraform-2.33.0-linux-x64/dist/extension.js:18:6372)
	at Immediate.<anonymous> (/home/ubuntu/.vscode-server/extensions/hashicorp.terraform-2.33.0-linux-x64/dist/extension.js:18:6133)
	at process.processImmediate (node:internal/timers:478:21)
2024-10-22 20:23:27.001 [error] [hashicorp.terraform] provider FAILED
2024-10-22 20:23:27.001 [error] Error: main.tf: position 1,1 is out of range main.tf:1,2-6,2
	at It (/home/ubuntu/.vscode-server/extensions/hashicorp.terraform-2.33.0-linux-x64/dist/extension.js:19:236)
	at We (/home/ubuntu/.vscode-server/extensions/hashicorp.terraform-2.33.0-linux-x64/dist/extension.js:18:6246)
	at mt (/home/ubuntu/.vscode-server/extensions/hashicorp.terraform-2.33.0-linux-x64/dist/extension.js:18:6372)
	at Immediate.<anonymous> (/home/ubuntu/.vscode-server/extensions/hashicorp.terraform-2.33.0-linux-x64/dist/extension.js:18:6133)
	at process.processImmediate (node:internal/timers:478:21)
2024-10-22 20:23:27.359 [error] [hashicorp.terraform] provider FAILED
2024-10-22 20:23:27.359 [error] Error: main.tf: position 1,1 is out of range main.tf:1,2-6,2
	at It (/home/ubuntu/.vscode-server/extensions/hashicorp.terraform-2.33.0-linux-x64/dist/extension.js:19:236)
	at We (/home/ubuntu/.vscode-server/extensions/hashicorp.terraform-2.33.0-linux-x64/dist/extension.js:18:6246)
	at mt (/home/ubuntu/.vscode-server/extensions/hashicorp.terraform-2.33.0-linux-x64/dist/extension.js:18:6372)
	at Immediate.<anonymous> (/home/ubuntu/.vscode-server/extensions/hashicorp.terraform-2.33.0-linux-x64/dist/extension.js:18:6133)
	at process.processImmediate (node:internal/timers:478:21)
2024-10-22 20:23:27.756 [error] [hashicorp.terraform] provider FAILED
2024-10-22 20:23:27.757 [error] Error: main.tf: position 1,1 is out of range main.tf:1,2-6,2
	at It (/home/ubuntu/.vscode-server/extensions/hashicorp.terraform-2.33.0-linux-x64/dist/extension.js:19:236)
	at We (/home/ubuntu/.vscode-server/extensions/hashicorp.terraform-2.33.0-linux-x64/dist/extension.js:18:6246)
	at mt (/home/ubuntu/.vscode-server/extensions/hashicorp.terraform-2.33.0-linux-x64/dist/extension.js:18:6372)
	at Immediate.<anonymous> (/home/ubuntu/.vscode-server/extensions/hashicorp.terraform-2.33.0-linux-x64/dist/extension.js:18:6133)
	at process.processImmediate (node:internal/timers:478:21)
2024-10-22 20:23:28.251 [error] [hashicorp.terraform] provider FAILED
2024-10-22 20:23:28.251 [error] Error: main.tf: position 1,1 is out of range main.tf:1,2-6,2
	at It (/home/ubuntu/.vscode-server/extensions/hashicorp.terraform-2.33.0-linux-x64/dist/extension.js:19:236)
	at We (/home/ubuntu/.vscode-server/extensions/hashicorp.terraform-2.33.0-linux-x64/dist/extension.js:18:6246)
	at mt (/home/ubuntu/.vscode-server/extensions/hashicorp.terraform-2.33.0-linux-x64/dist/extension.js:18:6372)
	at Immediate.<anonymous> (/home/ubuntu/.vscode-server/extensions/hashicorp.terraform-2.33.0-linux-x64/dist/extension.js:18:6133)
	at process.processImmediate (node:internal/timers:478:21)
2024-10-22 20:23:28.959 [error] [hashicorp.terraform] provider FAILED
2024-10-22 20:23:28.960 [error] Error: main.tf: position 1,1 is out of range main.tf:1,2-6,2
	at It (/home/ubuntu/.vscode-server/extensions/hashicorp.terraform-2.33.0-linux-x64/dist/extension.js:19:236)
	at We (/home/ubuntu/.vscode-server/extensions/hashicorp.terraform-2.33.0-linux-x64/dist/extension.js:18:6246)
	at mt (/home/ubuntu/.vscode-server/extensions/hashicorp.terraform-2.33.0-linux-x64/dist/extension.js:18:6372)
	at Immediate.<anonymous> (/home/ubuntu/.vscode-server/extensions/hashicorp.terraform-2.33.0-linux-x64/dist/extension.js:18:6133)
	at process.processImmediate (node:internal/timers:478:21)
2024-10-22 20:23:29.346 [error] [hashicorp.terraform] provider FAILED
2024-10-22 20:23:29.346 [error] Error: main.tf: position 1,1 is out of range main.tf:1,2-6,2
	at It (/home/ubuntu/.vscode-server/extensions/hashicorp.terraform-2.33.0-linux-x64/dist/extension.js:19:236)
	at We (/home/ubuntu/.vscode-server/extensions/hashicorp.terraform-2.33.0-linux-x64/dist/extension.js:18:6246)
	at mt (/home/ubuntu/.vscode-server/extensions/hashicorp.terraform-2.33.0-linux-x64/dist/extension.js:18:6372)
	at Immediate.<anonymous> (/home/ubuntu/.vscode-server/extensions/hashicorp.terraform-2.33.0-linux-x64/dist/extension.js:18:6133)
	at process.processImmediate (node:internal/timers:478:21)
2024-10-22 20:23:30.026 [error] [hashicorp.terraform] provider FAILED
2024-10-22 20:23:30.026 [error] Error: main.tf: position 1,1 is out of range main.tf:1,2-6,2
	at It (/home/ubuntu/.vscode-server/extensions/hashicorp.terraform-2.33.0-linux-x64/dist/extension.js:19:236)
	at We (/home/ubuntu/.vscode-server/extensions/hashicorp.terraform-2.33.0-linux-x64/dist/extension.js:18:6246)
	at mt (/home/ubuntu/.vscode-server/extensions/hashicorp.terraform-2.33.0-linux-x64/dist/extension.js:18:6372)
	at Immediate.<anonymous> (/home/ubuntu/.vscode-server/extensions/hashicorp.terraform-2.33.0-linux-x64/dist/extension.js:18:6133)
	at process.processImmediate (node:internal/timers:478:21)
2024-10-22 20:23:30.242 [error] [hashicorp.terraform] provider FAILED
2024-10-22 20:23:30.248 [error] Error: main.tf: position 1,1 is out of range main.tf:1,2-6,2
	at It (/home/ubuntu/.vscode-server/extensions/hashicorp.terraform-2.33.0-linux-x64/dist/extension.js:19:236)
	at We (/home/ubuntu/.vscode-server/extensions/hashicorp.terraform-2.33.0-linux-x64/dist/extension.js:18:6246)
	at mt (/home/ubuntu/.vscode-server/extensions/hashicorp.terraform-2.33.0-linux-x64/dist/extension.js:18:6372)
	at Immediate.<anonymous> (/home/ubuntu/.vscode-server/extensions/hashicorp.terraform-2.33.0-linux-x64/dist/extension.js:18:6133)
	at process.processImmediate (node:internal/timers:478:21)
2024-10-22 20:23:30.954 [error] [hashicorp.terraform] provider FAILED
2024-10-22 20:23:30.954 [error] Error: main.tf: position 1,1 is out of range main.tf:1,2-6,2
	at It (/home/ubuntu/.vscode-server/extensions/hashicorp.terraform-2.33.0-linux-x64/dist/extension.js:19:236)
	at We (/home/ubuntu/.vscode-server/extensions/hashicorp.terraform-2.33.0-linux-x64/dist/extension.js:18:6246)
	at mt (/home/ubuntu/.vscode-server/extensions/hashicorp.terraform-2.33.0-linux-x64/dist/extension.js:18:6372)
	at Immediate.<anonymous> (/home/ubuntu/.vscode-server/extensions/hashicorp.terraform-2.33.0-linux-x64/dist/extension.js:18:6133)
	at process.processImmediate (node:internal/timers:478:21)
2024-10-22 20:23:35.464 [error] [hashicorp.terraform] provider FAILED
2024-10-22 20:23:35.464 [error] Error: main.tf: position 1,1 is out of range main.tf:1,2-6,2
	at It (/home/ubuntu/.vscode-server/extensions/hashicorp.terraform-2.33.0-linux-x64/dist/extension.js:19:236)
	at We (/home/ubuntu/.vscode-server/extensions/hashicorp.terraform-2.33.0-linux-x64/dist/extension.js:18:6246)
	at mt (/home/ubuntu/.vscode-server/extensions/hashicorp.terraform-2.33.0-linux-x64/dist/extension.js:18:6372)
	at Immediate.<anonymous> (/home/ubuntu/.vscode-server/extensions/hashicorp.terraform-2.33.0-linux-x64/dist/extension.js:18:6133)
	at process.processImmediate (node:internal/timers:478:21)
2024-10-22 20:23:36.382 [error] [hashicorp.terraform] provider FAILED
2024-10-22 20:23:36.382 [error] Error: main.tf: position 1,1 is out of range main.tf:1,2-6,2
	at It (/home/ubuntu/.vscode-server/extensions/hashicorp.terraform-2.33.0-linux-x64/dist/extension.js:19:236)
	at We (/home/ubuntu/.vscode-server/extensions/hashicorp.terraform-2.33.0-linux-x64/dist/extension.js:18:6246)
	at mt (/home/ubuntu/.vscode-server/extensions/hashicorp.terraform-2.33.0-linux-x64/dist/extension.js:18:6372)
	at Immediate.<anonymous> (/home/ubuntu/.vscode-server/extensions/hashicorp.terraform-2.33.0-linux-x64/dist/extension.js:18:6133)
	at process.processImmediate (node:internal/timers:478:21)
2024-10-22 20:23:36.784 [error] [hashicorp.terraform] provider FAILED
2024-10-22 20:23:36.784 [error] Error: main.tf: position 1,1 is out of range main.tf:1,2-6,2
	at It (/home/ubuntu/.vscode-server/extensions/hashicorp.terraform-2.33.0-linux-x64/dist/extension.js:19:236)
	at We (/home/ubuntu/.vscode-server/extensions/hashicorp.terraform-2.33.0-linux-x64/dist/extension.js:18:6246)
	at mt (/home/ubuntu/.vscode-server/extensions/hashicorp.terraform-2.33.0-linux-x64/dist/extension.js:18:6372)
	at Immediate.<anonymous> (/home/ubuntu/.vscode-server/extensions/hashicorp.terraform-2.33.0-linux-x64/dist/extension.js:18:6133)
	at process.processImmediate (node:internal/timers:478:21)
2024-10-22 20:23:37.477 [error] [hashicorp.terraform] provider FAILED
2024-10-22 20:23:37.478 [error] Error: main.tf: position 1,1 is out of range main.tf:1,2-6,2
	at It (/home/ubuntu/.vscode-server/extensions/hashicorp.terraform-2.33.0-linux-x64/dist/extension.js:19:236)
	at We (/home/ubuntu/.vscode-server/extensions/hashicorp.terraform-2.33.0-linux-x64/dist/extension.js:18:6246)
	at mt (/home/ubuntu/.vscode-server/extensions/hashicorp.terraform-2.33.0-linux-x64/dist/extension.js:18:6372)
	at Immediate.<anonymous> (/home/ubuntu/.vscode-server/extensions/hashicorp.terraform-2.33.0-linux-x64/dist/extension.js:18:6133)
	at process.processImmediate (node:internal/timers:478:21)
2024-10-22 20:23:40.523 [error] [hashicorp.terraform] provider FAILED
2024-10-22 20:23:40.523 [error] Error: main.tf: position 1,1 is out of range main.tf:1,2-7,2
	at It (/home/ubuntu/.vscode-server/extensions/hashicorp.terraform-2.33.0-linux-x64/dist/extension.js:19:236)
	at We (/home/ubuntu/.vscode-server/extensions/hashicorp.terraform-2.33.0-linux-x64/dist/extension.js:18:6246)
	at mt (/home/ubuntu/.vscode-server/extensions/hashicorp.terraform-2.33.0-linux-x64/dist/extension.js:18:6372)
	at Immediate.<anonymous> (/home/ubuntu/.vscode-server/extensions/hashicorp.terraform-2.33.0-linux-x64/dist/extension.js:18:6133)
	at process.processImmediate (node:internal/timers:478:21)
2024-10-22 20:23:41.216 [error] [hashicorp.terraform] provider FAILED
2024-10-22 20:23:41.216 [error] Error: main.tf: position 1,1 is out of range main.tf:1,2-7,2
	at It (/home/ubuntu/.vscode-server/extensions/hashicorp.terraform-2.33.0-linux-x64/dist/extension.js:19:236)
	at We (/home/ubuntu/.vscode-server/extensions/hashicorp.terraform-2.33.0-linux-x64/dist/extension.js:18:6246)
	at mt (/home/ubuntu/.vscode-server/extensions/hashicorp.terraform-2.33.0-linux-x64/dist/extension.js:18:6372)
	at Immediate.<anonymous> (/home/ubuntu/.vscode-server/extensions/hashicorp.terraform-2.33.0-linux-x64/dist/extension.js:18:6133)
	at process.processImmediate (node:internal/timers:478:21)
2024-10-22 20:23:42.348 [error] [hashicorp.terraform] provider FAILED
2024-10-22 20:23:42.348 [error] Error: main.tf: position 1,1 is out of range main.tf:1,2-7,2
	at It (/home/ubuntu/.vscode-server/extensions/hashicorp.terraform-2.33.0-linux-x64/dist/extension.js:19:236)
	at We (/home/ubuntu/.vscode-server/extensions/hashicorp.terraform-2.33.0-linux-x64/dist/extension.js:18:6246)
	at mt (/home/ubuntu/.vscode-server/extensions/hashicorp.terraform-2.33.0-linux-x64/dist/extension.js:18:6372)
	at Immediate.<anonymous> (/home/ubuntu/.vscode-server/extensions/hashicorp.terraform-2.33.0-linux-x64/dist/extension.js:18:6133)
	at process.processImmediate (node:internal/timers:478:21)
2024-10-22 20:23:42.677 [error] [hashicorp.terraform] provider FAILED
2024-10-22 20:23:42.677 [error] Error: main.tf: position 1,1 is out of range main.tf:1,2-7,2
	at It (/home/ubuntu/.vscode-server/extensions/hashicorp.terraform-2.33.0-linux-x64/dist/extension.js:19:236)
	at We (/home/ubuntu/.vscode-server/extensions/hashicorp.terraform-2.33.0-linux-x64/dist/extension.js:18:6246)
	at mt (/home/ubuntu/.vscode-server/extensions/hashicorp.terraform-2.33.0-linux-x64/dist/extension.js:18:6372)
	at Immediate.<anonymous> (/home/ubuntu/.vscode-server/extensions/hashicorp.terraform-2.33.0-linux-x64/dist/extension.js:18:6133)
	at process.processImmediate (node:internal/timers:478:21)
2024-10-22 20:23:43.381 [error] [hashicorp.terraform] provider FAILED
2024-10-22 20:23:43.382 [error] Error: main.tf: position 1,1 is out of range main.tf:1,2-7,2
	at It (/home/ubuntu/.vscode-server/extensions/hashicorp.terraform-2.33.0-linux-x64/dist/extension.js:19:236)
	at We (/home/ubuntu/.vscode-server/extensions/hashicorp.terraform-2.33.0-linux-x64/dist/extension.js:18:6246)
	at mt (/home/ubuntu/.vscode-server/extensions/hashicorp.terraform-2.33.0-linux-x64/dist/extension.js:18:6372)
	at Immediate.<anonymous> (/home/ubuntu/.vscode-server/extensions/hashicorp.terraform-2.33.0-linux-x64/dist/extension.js:18:6133)
	at process.processImmediate (node:internal/timers:478:21)
2024-10-22 20:23:43.866 [error] [hashicorp.terraform] provider FAILED
2024-10-22 20:23:43.866 [error] Error: main.tf: position 1,1 is out of range main.tf:1,2-7,2
	at It (/home/ubuntu/.vscode-server/extensions/hashicorp.terraform-2.33.0-linux-x64/dist/extension.js:19:236)
	at We (/home/ubuntu/.vscode-server/extensions/hashicorp.terraform-2.33.0-linux-x64/dist/extension.js:18:6246)
	at mt (/home/ubuntu/.vscode-server/extensions/hashicorp.terraform-2.33.0-linux-x64/dist/extension.js:18:6372)
	at Immediate.<anonymous> (/home/ubuntu/.vscode-server/extensions/hashicorp.terraform-2.33.0-linux-x64/dist/extension.js:18:6133)
	at process.processImmediate (node:internal/timers:478:21)
2024-10-22 20:23:44.238 [error] [hashicorp.terraform] provider FAILED
2024-10-22 20:23:44.238 [error] Error: main.tf: position 1,1 is out of range main.tf:1,2-7,2
	at It (/home/ubuntu/.vscode-server/extensions/hashicorp.terraform-2.33.0-linux-x64/dist/extension.js:19:236)
	at We (/home/ubuntu/.vscode-server/extensions/hashicorp.terraform-2.33.0-linux-x64/dist/extension.js:18:6246)
	at mt (/home/ubuntu/.vscode-server/extensions/hashicorp.terraform-2.33.0-linux-x64/dist/extension.js:18:6372)
	at Immediate.<anonymous> (/home/ubuntu/.vscode-server/extensions/hashicorp.terraform-2.33.0-linux-x64/dist/extension.js:18:6133)
	at process.processImmediate (node:internal/timers:478:21)
2024-10-22 20:23:44.835 [error] [hashicorp.terraform] provider FAILED
2024-10-22 20:23:44.835 [error] Error: main.tf: position 1,1 is out of range main.tf:1,2-7,2
	at It (/home/ubuntu/.vscode-server/extensions/hashicorp.terraform-2.33.0-linux-x64/dist/extension.js:19:236)
	at We (/home/ubuntu/.vscode-server/extensions/hashicorp.terraform-2.33.0-linux-x64/dist/extension.js:18:6246)
	at mt (/home/ubuntu/.vscode-server/extensions/hashicorp.terraform-2.33.0-linux-x64/dist/extension.js:18:6372)
	at Immediate.<anonymous> (/home/ubuntu/.vscode-server/extensions/hashicorp.terraform-2.33.0-linux-x64/dist/extension.js:18:6133)
	at process.processImmediate (node:internal/timers:478:21)
2024-10-22 20:23:45.390 [error] [hashicorp.terraform] provider FAILED
2024-10-22 20:23:45.390 [error] Error: main.tf: position 1,1 is out of range main.tf:1,2-7,2
	at It (/home/ubuntu/.vscode-server/extensions/hashicorp.terraform-2.33.0-linux-x64/dist/extension.js:19:236)
	at We (/home/ubuntu/.vscode-server/extensions/hashicorp.terraform-2.33.0-linux-x64/dist/extension.js:18:6246)
	at mt (/home/ubuntu/.vscode-server/extensions/hashicorp.terraform-2.33.0-linux-x64/dist/extension.js:18:6372)
	at Immediate.<anonymous> (/home/ubuntu/.vscode-server/extensions/hashicorp.terraform-2.33.0-linux-x64/dist/extension.js:18:6133)
	at process.processImmediate (node:internal/timers:478:21)
2024-10-22 20:23:46.238 [error] [hashicorp.terraform] provider FAILED
2024-10-22 20:23:46.238 [error] Error: main.tf: position 1,1 is out of range main.tf:1,2-7,2
	at It (/home/ubuntu/.vscode-server/extensions/hashicorp.terraform-2.33.0-linux-x64/dist/extension.js:19:236)
	at We (/home/ubuntu/.vscode-server/extensions/hashicorp.terraform-2.33.0-linux-x64/dist/extension.js:18:6246)
	at mt (/home/ubuntu/.vscode-server/extensions/hashicorp.terraform-2.33.0-linux-x64/dist/extension.js:18:6372)
	at Immediate.<anonymous> (/home/ubuntu/.vscode-server/extensions/hashicorp.terraform-2.33.0-linux-x64/dist/extension.js:18:6133)
	at process.processImmediate (node:internal/timers:478:21)
2024-10-22 20:23:46.623 [error] [hashicorp.terraform] provider FAILED
2024-10-22 20:23:46.623 [error] Error: main.tf: position 1,1 is out of range main.tf:1,2-7,2
	at It (/home/ubuntu/.vscode-server/extensions/hashicorp.terraform-2.33.0-linux-x64/dist/extension.js:19:236)
	at We (/home/ubuntu/.vscode-server/extensions/hashicorp.terraform-2.33.0-linux-x64/dist/extension.js:18:6246)
	at mt (/home/ubuntu/.vscode-server/extensions/hashicorp.terraform-2.33.0-linux-x64/dist/extension.js:18:6372)
	at Immediate.<anonymous> (/home/ubuntu/.vscode-server/extensions/hashicorp.terraform-2.33.0-linux-x64/dist/extension.js:18:6133)
	at process.processImmediate (node:internal/timers:478:21)
2024-10-22 20:23:47.133 [error] [hashicorp.terraform] provider FAILED
2024-10-22 20:23:47.133 [error] Error: main.tf: position 1,1 is out of range main.tf:1,2-7,2
	at It (/home/ubuntu/.vscode-server/extensions/hashicorp.terraform-2.33.0-linux-x64/dist/extension.js:19:236)
	at We (/home/ubuntu/.vscode-server/extensions/hashicorp.terraform-2.33.0-linux-x64/dist/extension.js:18:6246)
	at mt (/home/ubuntu/.vscode-server/extensions/hashicorp.terraform-2.33.0-linux-x64/dist/extension.js:18:6372)
	at Immediate.<anonymous> (/home/ubuntu/.vscode-server/extensions/hashicorp.terraform-2.33.0-linux-x64/dist/extension.js:18:6133)
	at process.processImmediate (node:internal/timers:478:21)
2024-10-22 20:23:47.847 [error] [hashicorp.terraform] provider FAILED
2024-10-22 20:23:47.847 [error] Error: main.tf: position 1,1 is out of range main.tf:1,2-7,2
	at It (/home/ubuntu/.vscode-server/extensions/hashicorp.terraform-2.33.0-linux-x64/dist/extension.js:19:236)
	at We (/home/ubuntu/.vscode-server/extensions/hashicorp.terraform-2.33.0-linux-x64/dist/extension.js:18:6246)
	at mt (/home/ubuntu/.vscode-server/extensions/hashicorp.terraform-2.33.0-linux-x64/dist/extension.js:18:6372)
	at Immediate.<anonymous> (/home/ubuntu/.vscode-server/extensions/hashicorp.terraform-2.33.0-linux-x64/dist/extension.js:18:6133)
	at process.processImmediate (node:internal/timers:478:21)
2024-10-22 20:23:52.798 [error] [hashicorp.terraform] provider FAILED
2024-10-22 20:23:52.798 [error] Error: main.tf: position 1,1 is out of range main.tf:1,2-7,2
	at It (/home/ubuntu/.vscode-server/extensions/hashicorp.terraform-2.33.0-linux-x64/dist/extension.js:19:236)
	at We (/home/ubuntu/.vscode-server/extensions/hashicorp.terraform-2.33.0-linux-x64/dist/extension.js:18:6246)
	at mt (/home/ubuntu/.vscode-server/extensions/hashicorp.terraform-2.33.0-linux-x64/dist/extension.js:18:6372)
	at Immediate.<anonymous> (/home/ubuntu/.vscode-server/extensions/hashicorp.terraform-2.33.0-linux-x64/dist/extension.js:18:6133)
	at process.processImmediate (node:internal/timers:478:21)
2024-10-22 20:23:53.523 [error] [hashicorp.terraform] provider FAILED
2024-10-22 20:23:53.523 [error] Error: main.tf: position 1,1 is out of range main.tf:1,2-7,2
	at It (/home/ubuntu/.vscode-server/extensions/hashicorp.terraform-2.33.0-linux-x64/dist/extension.js:19:236)
	at We (/home/ubuntu/.vscode-server/extensions/hashicorp.terraform-2.33.0-linux-x64/dist/extension.js:18:6246)
	at mt (/home/ubuntu/.vscode-server/extensions/hashicorp.terraform-2.33.0-linux-x64/dist/extension.js:18:6372)
	at Immediate.<anonymous> (/home/ubuntu/.vscode-server/extensions/hashicorp.terraform-2.33.0-linux-x64/dist/extension.js:18:6133)
	at process.processImmediate (node:internal/timers:478:21)
2024-10-22 22:33:23.726 [info] Extension host terminating: renderer disconnected for too long (2)
2024-10-22 22:33:23.748 [info] Lock '/home/ubuntu/.vscode-server/data/User/workspaceStorage/64b75115ed01016f1c21d4aa84949e1e/vscode.lock': Marking the lockfile as scheduled to be released in 6000 ms.
2024-10-22 22:33:23.925 [info] Extension host with pid 2723 exiting with code 0
