2024-10-23 16:21:23.237 [info] [main] Log level: Info
2024-10-23 16:21:23.237 [info] [main] Validating found git in: "git"
2024-10-23 16:21:23.237 [info] [main] Using git "2.43.0" from "git"
2024-10-23 16:21:23.237 [info] [Model][doInitialScan] Initial repository scan started
2024-10-23 16:21:23.248 [info] > git rev-parse --show-toplevel [19ms]
2024-10-23 16:21:23.248 [info] fatal: not a git repository (or any of the parent directories): .git
2024-10-23 16:21:23.248 [info] > git rev-parse --show-toplevel [2ms]
2024-10-23 16:21:23.248 [info] fatal: not a git repository (or any of the parent directories): .git
2024-10-23 16:21:23.248 [info] > git rev-parse --show-toplevel [2ms]
2024-10-23 16:21:23.248 [info] fatal: not a git repository (or any of the parent directories): .git
2024-10-23 16:21:23.248 [info] > git rev-parse --show-toplevel [2ms]
2024-10-23 16:21:23.248 [info] fatal: not a git repository (or any of the parent directories): .git
2024-10-23 16:21:23.248 [info] > git rev-parse --show-toplevel [3ms]
2024-10-23 16:21:23.248 [info] fatal: not a git repository (or any of the parent directories): .git
2024-10-23 16:21:23.248 [info] > git rev-parse --show-toplevel [2ms]
2024-10-23 16:21:23.248 [info] fatal: not a git repository (or any of the parent directories): .git
2024-10-23 16:21:23.248 [info] > git rev-parse --show-toplevel [2ms]
2024-10-23 16:21:23.248 [info] fatal: not a git repository (or any of the parent directories): .git
2024-10-23 16:21:23.248 [info] > git rev-parse --show-toplevel [3ms]
2024-10-23 16:21:23.248 [info] fatal: not a git repository (or any of the parent directories): .git
2024-10-23 16:21:23.248 [info] > git rev-parse --show-toplevel [3ms]
2024-10-23 16:21:23.248 [info] fatal: not a git repository (or any of the parent directories): .git
2024-10-23 16:21:23.248 [info] > git rev-parse --show-toplevel [9ms]
2024-10-23 16:21:23.248 [info] fatal: not a git repository (or any of the parent directories): .git
2024-10-23 16:21:23.248 [info] > git rev-parse --show-toplevel [6ms]
2024-10-23 16:21:23.249 [info] fatal: not a git repository (or any of the parent directories): .git
2024-10-23 16:21:23.249 [info] [Model][doInitialScan] Initial repository scan completed - repositories (0), closed repositories (0), parent repositories (0), unsafe repositories (0)
